2019-05-01 18:01:37.937  INFO 384 --- [main] it.sevenbits.Application                 : Starting Application on samsuka with PID 384 (/home/byzilio/Workspace/Java/7bits-back-end-course-2-sem/HW-Spring/target/classes started by byzilio in /home/byzilio/Workspace/Java/7bits-back-end-course-2-sem/HW-Spring)
2019-05-01 18:01:37.944  INFO 384 --- [main] it.sevenbits.Application                 : The following profiles are active: console-file-logging
2019-05-01 18:01:40.489  INFO 384 --- [main] o.s.b.w.embedded.tomcat.TomcatWebServer  : Tomcat initialized with port(s): 8081 (http)
2019-05-01 18:01:40.537  INFO 384 --- [main] o.apache.catalina.core.StandardService   : Starting service [Tomcat]
2019-05-01 18:01:40.538  INFO 384 --- [main] org.apache.catalina.core.StandardEngine  : Starting Servlet engine: [Apache Tomcat/9.0.14]
2019-05-01 18:01:40.548  INFO 384 --- [main] o.a.catalina.core.AprLifecycleListener   : The APR based Apache Tomcat Native library which allows optimal performance in production environments was not found on the java.library.path: [/usr/java/packages/lib/amd64:/usr/lib64:/lib64:/lib:/usr/lib]
2019-05-01 18:01:40.679  INFO 384 --- [main] o.a.c.c.C.[Tomcat].[localhost].[/]       : Initializing Spring embedded WebApplicationContext
2019-05-01 18:01:40.680  INFO 384 --- [main] o.s.web.context.ContextLoader            : Root WebApplicationContext: initialization completed in 2470 ms
2019-05-01 18:01:41.021  INFO 384 --- [main] o.f.c.internal.license.VersionPrinter    : Flyway Community Edition 5.2.4 by Boxfuse
2019-05-01 18:01:41.024  INFO 384 --- [main] com.zaxxer.hikari.HikariDataSource       : HikariPool-1 - Starting...
2019-05-01 18:01:41.740  INFO 384 --- [main] com.zaxxer.hikari.HikariDataSource       : HikariPool-1 - Start completed.
2019-05-01 18:01:41.748  INFO 384 --- [main] o.f.c.internal.database.DatabaseFactory  : Database: jdbc:postgresql://localhost:5432/eisetasks (PostgreSQL 10.7)
2019-05-01 18:01:41.829  INFO 384 --- [main] o.f.core.internal.command.DbValidate     : Successfully validated 5 migrations (execution time 00:00.039s)
2019-05-01 18:01:41.853  INFO 384 --- [main] o.f.core.internal.command.DbMigrate      : Current version of schema "public": 1.4
2019-05-01 18:01:41.855  INFO 384 --- [main] o.f.core.internal.command.DbMigrate      : Schema "public" is up to date. No migration necessary.
2019-05-01 18:01:42.189  INFO 384 --- [main] o.s.s.web.DefaultSecurityFilterChain     : Creating filter chain: any request, [org.springframework.security.web.context.request.async.WebAsyncManagerIntegrationFilter@736309a9, org.springframework.security.web.context.SecurityContextPersistenceFilter@3b2f4a93, org.springframework.security.web.header.HeaderWriterFilter@2015b2cd, org.springframework.security.web.servletapi.SecurityContextHolderAwareRequestFilter@47447ccf, org.springframework.security.web.authentication.AnonymousAuthenticationFilter@4e93dcb9, org.springframework.security.web.access.ExceptionTranslationFilter@240f6c41, it.sevenbits.web.security.HeaderJwtAuthFilter@188b6035, org.springframework.security.web.access.intercept.FilterSecurityInterceptor@61dde151]
2019-05-01 18:01:42.428  INFO 384 --- [main] o.s.s.concurrent.ThreadPoolTaskExecutor  : Initializing ExecutorService 'applicationTaskExecutor'
2019-05-01 18:01:42.800  INFO 384 --- [main] o.s.b.w.embedded.tomcat.TomcatWebServer  : Tomcat started on port(s): 8081 (http) with context path ''
2019-05-01 18:01:42.805  INFO 384 --- [main] it.sevenbits.Application                 : Started Application in 6.036 seconds (JVM running for 7.021)
2019-05-01 18:01:51.560  INFO 384 --- [http-nio-8081-exec-1] o.a.c.c.C.[Tomcat].[localhost].[/]       : Initializing Spring DispatcherServlet 'dispatcherServlet'
2019-05-01 18:01:51.560  INFO 384 --- [http-nio-8081-exec-1] o.s.web.servlet.DispatcherServlet        : Initializing Servlet 'dispatcherServlet'
2019-05-01 18:01:51.574  INFO 384 --- [http-nio-8081-exec-1] o.s.web.servlet.DispatcherServlet        : Completed initialization in 14 ms
2019-05-01 18:01:51.939  WARN 384 --- [http-nio-8081-exec-1] i.s.web.security.HeaderJwtAuthFilter     : Failed to get token: Invalid Authorization header: Bearer
2019-05-01 18:01:52.099  WARN 384 --- [http-nio-8081-exec-1] i.s.web.security.HeaderJwtAuthFilter     : Failed to get token: Invalid Authorization header: Bearer
2019-05-01 18:02:02.795  WARN 384 --- [http-nio-8081-exec-2] i.s.web.security.HeaderJwtAuthFilter     : Failed to get token: Invalid Authorization header: Bearer
2019-05-01 18:02:02.822  WARN 384 --- [http-nio-8081-exec-2] i.s.web.security.HeaderJwtAuthFilter     : Failed to get token: Invalid Authorization header: Bearer
2019-05-01 18:02:03.105  WARN 384 --- [http-nio-8081-exec-3] i.s.web.security.HeaderJwtAuthFilter     : Failed to get token: Invalid Authorization header: Bearer
2019-05-01 18:02:03.108  WARN 384 --- [http-nio-8081-exec-3] i.s.web.security.HeaderJwtAuthFilter     : Failed to get token: Invalid Authorization header: Bearer
2019-05-01 18:02:03.728  WARN 384 --- [http-nio-8081-exec-4] i.s.web.security.HeaderJwtAuthFilter     : Failed to get token: Invalid Authorization header: Bearer
2019-05-01 18:02:03.730  WARN 384 --- [http-nio-8081-exec-4] i.s.web.security.HeaderJwtAuthFilter     : Failed to get token: Invalid Authorization header: Bearer
2019-05-01 18:02:04.322  WARN 384 --- [http-nio-8081-exec-5] i.s.web.security.HeaderJwtAuthFilter     : Failed to get token: Invalid Authorization header: Bearer
2019-05-01 18:02:04.325  WARN 384 --- [http-nio-8081-exec-5] i.s.web.security.HeaderJwtAuthFilter     : Failed to get token: Invalid Authorization header: Bearer
2019-05-01 18:02:05.222  WARN 384 --- [http-nio-8081-exec-6] i.s.web.security.HeaderJwtAuthFilter     : Failed to get token: Invalid Authorization header: Bearer
2019-05-01 18:02:05.225  WARN 384 --- [http-nio-8081-exec-6] i.s.web.security.HeaderJwtAuthFilter     : Failed to get token: Invalid Authorization header: Bearer
2019-05-01 18:02:06.006  WARN 384 --- [http-nio-8081-exec-7] i.s.web.security.HeaderJwtAuthFilter     : Failed to get token: Invalid Authorization header: Bearer
2019-05-01 18:02:06.009  WARN 384 --- [http-nio-8081-exec-7] i.s.web.security.HeaderJwtAuthFilter     : Failed to get token: Invalid Authorization header: Bearer
2019-05-01 18:02:06.677  WARN 384 --- [http-nio-8081-exec-8] i.s.web.security.HeaderJwtAuthFilter     : Failed to get token: Invalid Authorization header: Bearer
2019-05-01 18:02:06.680  WARN 384 --- [http-nio-8081-exec-8] i.s.web.security.HeaderJwtAuthFilter     : Failed to get token: Invalid Authorization header: Bearer
2019-05-01 18:03:05.586  WARN 384 --- [http-nio-8081-exec-9] i.s.web.security.HeaderJwtAuthFilter     : Failed to get token: Invalid Authorization header: Bearer
2019-05-01 18:03:05.589  WARN 384 --- [http-nio-8081-exec-9] i.s.web.security.HeaderJwtAuthFilter     : Failed to get token: Invalid Authorization header: Bearer
2019-05-01 18:04:20.938  INFO 384 --- [Thread-15] o.s.s.concurrent.ThreadPoolTaskExecutor  : Shutting down ExecutorService 'applicationTaskExecutor'
2019-05-01 18:04:20.942  INFO 384 --- [Thread-15] com.zaxxer.hikari.HikariDataSource       : HikariPool-1 - Shutdown initiated...
2019-05-01 18:04:21.010  INFO 384 --- [Thread-15] com.zaxxer.hikari.HikariDataSource       : HikariPool-1 - Shutdown completed.
